<?xml version="1.0" encoding="utf-8"?><testsuites name="pytest tests"><testsuite name="pytest" errors="0" failures="0" skipped="1" tests="34" time="3.198" timestamp="2025-08-25T00:05:14.710651+07:00" hostname="MacBook-Air-khxng-jirayu-wannagulhotmailcom.local"><testcase classname="tests.analysis.test_dow" name="test_dow_uptrend" time="0.006" /><testcase classname="tests.analysis.test_dow" name="test_dow_downtrend" time="0.004" /><testcase classname="tests.analysis.test_elliott" name="test_analyze_elliott_basic" time="0.000" /><testcase classname="tests.analysis.test_fibonacci" name="test_fib_levels_up" time="0.000" /><testcase classname="tests.analysis.test_fibonacci" name="test_fib_levels_down" time="0.000" /><testcase classname="tests.analysis.test_fibonacci" name="test_fib_extensions" time="0.000" /><testcase classname="tests.analysis.test_filters_sideway" name="test_trend_and_volatility_pass_on_trending_market" time="0.002" /><testcase classname="tests.analysis.test_filters_sideway" name="test_volume_filter_runs" time="0.001" /><testcase classname="tests.analysis.test_filters_sideway" name="test_is_sideway_df_and_side_confidence_no_crash" time="0.001" /><testcase classname="tests.analysis.test_indicators" name="test_ema_basic" time="0.000" /><testcase classname="tests.analysis.test_indicators" name="test_rsi_within_bounds" time="0.001" /><testcase classname="tests.analysis.test_indicators" name="test_macd_returns_three_series" time="0.000" /><testcase classname="tests.analysis.test_indicators" name="test_adx_outputs_valid_range" time="0.001" /><testcase classname="tests.analysis.test_indicators" name="test_stoch_kd_in_range" time="0.001" /><testcase classname="tests.analysis.test_indicators" name="test_volume_metrics_returns_series" time="0.001" /><testcase classname="tests.analysis.test_indicators" name="test_apply_indicators_adds_columns" time="0.003" /><testcase classname="tests.engine.test_signal_engine" name="test_hold_when_insufficient_candles" time="0.000" /><testcase classname="tests.engine.test_signal_engine" name="test_open_long_when_sma_fast_gt_slow_and_green_candle" time="0.000" /><testcase classname="tests.engine.test_signal_engine" name="test_cooldown_blocks_immediate_reopen" time="0.000" /><testcase classname="tests.engine.test_signal_engine" name="test_no_flip_and_tp_close_flow" time="0.001" /><testcase classname="tests.engine.test_signal_engine" name="test_move_alerts_trigger_and_anchor_update" time="0.001" /><testcase classname="tests.engine.test_signal_engine" name="test_ai_toggle_changes_confidence_but_not_required" time="0.000" /><testcase classname="tests.features.replies.test_keyword_reply" name="test_get_reply_keywords" time="0.000" /><testcase classname="tests.features.replies.test_keyword_reply" name="test_parse_price_command_basic" time="0.000" /><testcase classname="tests.features.replies.test_keyword_reply" name="test_parse_price_command_invalid" time="0.000" /><testcase classname="tests.logic.test_scenarios" name="test_scenarios_payload" time="0.010" /><testcase classname="tests.logic.test_strategies" name="test_strategy_output" time="0.000" /><testcase classname="tests.logic.test_strategies_momentum" name="test_momentum_breakout_long_bias" time="0.002" /><testcase classname="tests.logic.test_strategies_momentum" name="test_momentum_breakout_short_bias" time="0.003" /><testcase classname="tests.routers.test_line_webhook_price" name="test_price_command_btc" time="0.000"><skipped type="pytest.skip" message="resolver has no price/get/resolve method to mock">/Users/jirayu_wannagulhotmail.com/Projects/line-crypto-bot/tests/routers/test_line_webhook_price.py:26: resolver has no price/get/resolve method to mock</skipped></testcase><testcase classname="tests.services.test_wave_service" name="test_analyze_wave_neutral_when_no_data" time="0.000" /><testcase classname="tests.services.test_wave_service" name="test_build_brief_message_safe" time="0.000" /><testcase classname="tests.utils.test_price_ccxt" name="test_fetch_price_from_binance" time="1.668" /><testcase classname="tests.utils.test_price_ccxt" name="test_fetch_price_text_from_binance" time="0.128" /></testsuite></testsuites>